server started, pid 72237
socket path /private/var/folders/vg/23j4fww54y10fvpf0v3_7jy9dw8f4j/T/tmux-1539586193/default
new client 11
loading /Users/grantwc/.tmux.conf
/Users/grantwc/.tmux.conf: # remap prefix to Control + a
/Users/grantwc/.tmux.conf: set -g prefix C-a
/Users/grantwc/.tmux.conf: unbind C-b
/Users/grantwc/.tmux.conf: bind C-a send-prefix
/Users/grantwc/.tmux.conf: 
/Users/grantwc/.tmux.conf: # force a reload of the config file
/Users/grantwc/.tmux.conf: # reload ~/.tmux.conf using PREFIX r
/Users/grantwc/.tmux.conf: unbind r
/Users/grantwc/.tmux.conf: bind r source-file ~/.tmux.conf \; display "Reloaded!"
/Users/grantwc/.tmux.conf: 
/Users/grantwc/.tmux.conf: # quick pane cycling
/Users/grantwc/.tmux.conf: # unbind ^A
/Users/grantwc/.tmux.conf: # bind ^A select-pane -t :.+
/Users/grantwc/.tmux.conf: 
/Users/grantwc/.tmux.conf: # don't rename windows
/Users/grantwc/.tmux.conf: set-option -g allow-rename off
/Users/grantwc/.tmux.conf: 
/Users/grantwc/.tmux.conf: # use UTF8
/Users/grantwc/.tmux.conf: set -g utf8
/Users/grantwc/.tmux.conf: set-window-option -g utf8 on
/Users/grantwc/.tmux.conf: 
/Users/grantwc/.tmux.conf: # make tmux display things in 256 colors
/Users/grantwc/.tmux.conf: set -g default-terminal "screen-256color"
/Users/grantwc/.tmux.conf: 
/Users/grantwc/.tmux.conf: # set scrollback history to 10000 (10k)
/Users/grantwc/.tmux.conf: set -g history-limit 10000
/Users/grantwc/.tmux.conf: 
/Users/grantwc/.tmux.conf: # shorten command delay
/Users/grantwc/.tmux.conf: set -sg escape-time 1
/Users/grantwc/.tmux.conf: 
/Users/grantwc/.tmux.conf: # set window and pane index to 1 (0 by default)
/Users/grantwc/.tmux.conf: set-option -g base-index 1
/Users/grantwc/.tmux.conf: setw -g pane-base-index 1
/Users/grantwc/.tmux.conf: 
/Users/grantwc/.tmux.conf: # use PREFIX | to split window horizontally and PREFIX - to split vertically
/Users/grantwc/.tmux.conf: bind | split-window -h
/Users/grantwc/.tmux.conf: bind - split-window -v
/Users/grantwc/.tmux.conf: 
/Users/grantwc/.tmux.conf: # Make the current window the first window
/Users/grantwc/.tmux.conf: bind T swap-window -t 1
/Users/grantwc/.tmux.conf: 
/Users/grantwc/.tmux.conf: # map Vi movement keys as pane movement keys
/Users/grantwc/.tmux.conf: bind h select-pane -L
/Users/grantwc/.tmux.conf: bind j select-pane -D
/Users/grantwc/.tmux.conf: bind k select-pane -U
/Users/grantwc/.tmux.conf: bind l select-pane -R
/Users/grantwc/.tmux.conf: 
/Users/grantwc/.tmux.conf: # and use C-h and C-l to cycle thru panes
/Users/grantwc/.tmux.conf: bind -r C-h select-window -t :-
/Users/grantwc/.tmux.conf: bind -r C-l select-window -t :+
/Users/grantwc/.tmux.conf: 
/Users/grantwc/.tmux.conf: # resize panes using PREFIX H, J, K, L
/Users/grantwc/.tmux.conf: bind H resize-pane -L 5
/Users/grantwc/.tmux.conf: bind J resize-pane -D 5
/Users/grantwc/.tmux.conf: bind K resize-pane -U 5
/Users/grantwc/.tmux.conf: bind L resize-pane -R 5
/Users/grantwc/.tmux.conf: 
/Users/grantwc/.tmux.conf: # explicitly disable mouse control
/Users/grantwc/.tmux.conf: setw -g mode-mouse off
/Users/grantwc/.tmux.conf: set -g mouse-select-pane off
/Users/grantwc/.tmux.conf: set -g mouse-resize-pane off
/Users/grantwc/.tmux.conf: set -g mouse-select-window off
/Users/grantwc/.tmux.conf: 
/Users/grantwc/.tmux.conf: # ---------------------
/Users/grantwc/.tmux.conf: # Copy & Paste
/Users/grantwc/.tmux.conf: # ---------------------
/Users/grantwc/.tmux.conf: # provide access to the clipboard for pbpaste, pbcopy
/Users/grantwc/.tmux.conf: set-option -g default-command "reattach-to-user-namespace -l zsh"
/Users/grantwc/.tmux.conf: set-window-option -g automatic-rename on
/Users/grantwc/.tmux.conf: 
/Users/grantwc/.tmux.conf: # use vim keybindings in copy mode
/Users/grantwc/.tmux.conf: setw -g mode-keys vi
/Users/grantwc/.tmux.conf: 
/Users/grantwc/.tmux.conf: # setup 'v' to begin selection as in Vim
/Users/grantwc/.tmux.conf: #bind-key -t vi-copy v begin-selection
/Users/grantwc/.tmux.conf: #bind-key -t vi-copy y copy-pipe "reattach-to-user-namespace pbcopy"
/Users/grantwc/.tmux.conf: 
/Users/grantwc/.tmux.conf: # update default binding of 'Enter' to also use copy-pipe
/Users/grantwc/.tmux.conf: #unbind -t vi-copy Enter
/Users/grantwc/.tmux.conf: #bind-key -t vi-copy Enter copy-pipe "reattach-to-user-namespace pbcopy"
/Users/grantwc/.tmux.conf: 
/Users/grantwc/.tmux.conf: bind y run 'tmux save-buffer - | reattach-to-user-namespace pbcopy '
/Users/grantwc/.tmux.conf: bind C-y run 'tmux save-buffer - | reattach-to-user-namespace pbcopy '
/Users/grantwc/.tmux.conf: 
/Users/grantwc/.tmux.conf: # ----------------------
/Users/grantwc/.tmux.conf: # set some pretty colors
/Users/grantwc/.tmux.conf: # ----------------------
/Users/grantwc/.tmux.conf: # set pane colors - hilight the active pane
/Users/grantwc/.tmux.conf: set-option -g pane-border-fg colour235 #base02
/Users/grantwc/.tmux.conf: set-option -g pane-active-border-fg colour240 #base01
/Users/grantwc/.tmux.conf: 
/Users/grantwc/.tmux.conf: # colorize messages in the command line
/Users/grantwc/.tmux.conf: set-option -g message-bg black #base02
/Users/grantwc/.tmux.conf: set-option -g message-fg brightred #orange
/Users/grantwc/.tmux.conf: 
/Users/grantwc/.tmux.conf: # ----------------------
/Users/grantwc/.tmux.conf: # Status Bar
/Users/grantwc/.tmux.conf: # -----------------------
/Users/grantwc/.tmux.conf: set-option -g status on                # turn the status bar on
/Users/grantwc/.tmux.conf: set -g status-utf8 on                  # set utf-8 for the status bar
/Users/grantwc/.tmux.conf: set -g status-interval 5               # set update frequencey (default 15 seconds)
/Users/grantwc/.tmux.conf: set -g status-justify centre           # center window list for clarity
/Users/grantwc/.tmux.conf: # set-option -g status-position top    # position the status bar at top of screen
/Users/grantwc/.tmux.conf: 
/Users/grantwc/.tmux.conf: # visual notification of activity in other windows
/Users/grantwc/.tmux.conf: setw -g monitor-activity on
/Users/grantwc/.tmux.conf: set -g visual-activity on
/Users/grantwc/.tmux.conf: 
/Users/grantwc/.tmux.conf: # set color for status bar
/Users/grantwc/.tmux.conf: set-option -g status-bg colour235 #base02
/Users/grantwc/.tmux.conf: set-option -g status-fg yellow #yellow
/Users/grantwc/.tmux.conf: set-option -g status-attr dim
/Users/grantwc/.tmux.conf: 
/Users/grantwc/.tmux.conf: # set window list colors - red for active and cyan for inactive
/Users/grantwc/.tmux.conf: set-window-option -g window-status-fg brightblue #base0
/Users/grantwc/.tmux.conf: set-window-option -g window-status-bg colour236
/Users/grantwc/.tmux.conf: set-window-option -g window-status-attr dim
/Users/grantwc/.tmux.conf: 
/Users/grantwc/.tmux.conf: set-window-option -g window-status-current-fg brightred #orange
/Users/grantwc/.tmux.conf: set-window-option -g window-status-current-bg colour236
/Users/grantwc/.tmux.conf: set-window-option -g window-status-current-attr bright
/Users/grantwc/.tmux.conf: 
/Users/grantwc/.tmux.conf: # show host name and IP address on left side of status bar
/Users/grantwc/.tmux.conf: set -g status-left-length 70
/Users/grantwc/.tmux.conf: set -g status-left "#[fg=green]: #h : #[fg=brightblue]#(curl icanhazip.com) #[fg=yellow]#(ifconfig en0 | grep 'inet ' | awk '{print \"en0 \" $2}') #(ifconfig en1 | grep 'inet ' | awk '{print \"en1 \" $2}') #[fg=red]#(ifconfig tun0 | grep 'inet ' | awk '{print \"vpn \" $2}') "
/Users/grantwc/.tmux.conf: 
/Users/grantwc/.tmux.conf: # show session name, window & pane number, date and time on right side of
/Users/grantwc/.tmux.conf: # status bar
/Users/grantwc/.tmux.conf: set -g status-right-length 60
/Users/grantwc/.tmux.conf: set -g status-right "#[fg=blue]#S #I:#P #[fg=yellow]:: %d %b %Y #[fg=green]:: %l:%M %p :: #(date -u | awk '{print $4}')::"
cmdq 0x7ff271c07ef0: set-option -g prefix C-a (client -1)
cmdq 0x7ff271c07ef0: unbind-key C-b (client -1)
cmdq 0x7ff271c07ef0: bind-key C-a send-prefix (client -1)
cmdq 0x7ff271c07ef0: unbind-key r (client -1)
cmdq 0x7ff271c07ef0: bind-key r source-file /Users/grantwc/.tmux.conf ; display Reloaded! (client -1)
cmdq 0x7ff271c07ef0: set-option -g allow-rename off (client -1)
cmdq 0x7ff271c07ef0: set-option -g utf8 (client -1)
cmdq 0x7ff271c07ef0: set-window-option -g utf8 on (client -1)
cmdq 0x7ff271c07ef0: set-option -g default-terminal screen-256color (client -1)
cmdq 0x7ff271c07ef0: set-option -g history-limit 10000 (client -1)
cmdq 0x7ff271c07ef0: set-option -gs escape-time 1 (client -1)
cmdq 0x7ff271c07ef0: set-option -g base-index 1 (client -1)
cmdq 0x7ff271c07ef0: set-window-option -g pane-base-index 1 (client -1)
cmdq 0x7ff271c07ef0: bind-key | split-window -h (client -1)
cmdq 0x7ff271c07ef0: bind-key - split-window -v (client -1)
cmdq 0x7ff271c07ef0: bind-key T swap-window -t 1 (client -1)
cmdq 0x7ff271c07ef0: bind-key h select-pane -L (client -1)
cmdq 0x7ff271c07ef0: bind-key j select-pane -D (client -1)
cmdq 0x7ff271c07ef0: bind-key k select-pane -U (client -1)
cmdq 0x7ff271c07ef0: bind-key l select-pane -R (client -1)
cmdq 0x7ff271c07ef0: bind-key -r C-h select-window -t :- (client -1)
cmdq 0x7ff271c07ef0: bind-key -r C-l select-window -t :+ (client -1)
cmdq 0x7ff271c07ef0: bind-key H resize-pane -L 5 (client -1)
cmdq 0x7ff271c07ef0: bind-key J resize-pane -D 5 (client -1)
cmdq 0x7ff271c07ef0: bind-key K resize-pane -U 5 (client -1)
cmdq 0x7ff271c07ef0: bind-key L resize-pane -R 5 (client -1)
cmdq 0x7ff271c07ef0: set-window-option -g mode-mouse off (client -1)
cmdq 0x7ff271c07ef0: set-option -g mouse-select-pane off (client -1)
cmdq 0x7ff271c07ef0: set-option -g mouse-resize-pane off (client -1)
cmdq 0x7ff271c07ef0: set-option -g mouse-select-window off (client -1)
cmdq 0x7ff271c07ef0: set-option -g default-command "reattach-to-user-namespace -l zsh" (client -1)
cmdq 0x7ff271c07ef0: set-window-option -g automatic-rename on (client -1)
cmdq 0x7ff271c07ef0: set-window-option -g mode-keys vi (client -1)
cmdq 0x7ff271c07ef0: bind-key y run "tmux save-buffer - | reattach-to-user-namespace pbcopy " (client -1)
cmdq 0x7ff271c07ef0: bind-key C-y run "tmux save-buffer - | reattach-to-user-namespace pbcopy " (client -1)
cmdq 0x7ff271c07ef0: set-option -g pane-border-fg colour235 (client -1)
cmdq 0x7ff271c07ef0: set-option -g pane-active-border-fg colour240 (client -1)
cmdq 0x7ff271c07ef0: set-option -g message-bg black (client -1)
cmdq 0x7ff271c07ef0: set-option -g message-fg brightred (client -1)
cmdq 0x7ff271c07ef0: set-option -g status on (client -1)
cmdq 0x7ff271c07ef0: set-option -g status-utf8 on (client -1)
cmdq 0x7ff271c07ef0: set-option -g status-interval 5 (client -1)
cmdq 0x7ff271c07ef0: set-option -g status-justify centre (client -1)
cmdq 0x7ff271c07ef0: set-window-option -g monitor-activity on (client -1)
cmdq 0x7ff271c07ef0: set-option -g visual-activity on (client -1)
cmdq 0x7ff271c07ef0: set-option -g status-bg colour235 (client -1)
cmdq 0x7ff271c07ef0: set-option -g status-fg yellow (client -1)
cmdq 0x7ff271c07ef0: set-option -g status-attr dim (client -1)
cmdq 0x7ff271c07ef0: set-window-option -g window-status-fg brightblue (client -1)
cmdq 0x7ff271c07ef0: set-window-option -g window-status-bg colour236 (client -1)
cmdq 0x7ff271c07ef0: set-window-option -g window-status-attr dim (client -1)
cmdq 0x7ff271c07ef0: set-window-option -g window-status-current-fg brightred (client -1)
cmdq 0x7ff271c07ef0: set-window-option -g window-status-current-bg colour236 (client -1)
cmdq 0x7ff271c07ef0: set-window-option -g window-status-current-attr bright (client -1)
cmdq 0x7ff271c07ef0: set-option -g status-left-length 70 (client -1)
cmdq 0x7ff271c07ef0: set-option -g status-left "#[fg=green]: #h : #[fg=brightblue]#(curl icanhazip.com) #[fg=yellow]#(ifconfig en0 | grep 'inet ' | awk '{print "en0 " $2}') #(ifconfig en1 | grep 'inet ' | awk '{print "en1 " $2}') #[fg=red]#(ifconfig tun0 | grep 'inet ' | awk '{print "vpn " $2}') " (client -1)
cmdq 0x7ff271c07ef0: set-option -g status-right-length 60 (client -1)
cmdq 0x7ff271c07ef0: set-option -g status-right "#[fg=blue]#S #I:#P #[fg=yellow]:: %d %b %Y #[fg=green]:: %l:%M %p :: #(date -u | awk '{print $4}')::" (client -1)
got 14 from client 11
got 14 from client 11
got 14 from client 11
got 14 from client 11
got 14 from client 11
got 14 from client 11
got 14 from client 11
got 14 from client 11
got 14 from client 11
got 14 from client 11
got 14 from client 11
got 14 from client 11
got 14 from client 11
got 14 from client 11
got 14 from client 11
got 14 from client 11
got 14 from client 11
got 14 from client 11
got 14 from client 11
got 14 from client 11
got 14 from client 11
got 14 from client 11
got 14 from client 11
got 14 from client 11
got 14 from client 11
got 14 from client 11
got 14 from client 11
got 14 from client 11
got 14 from client 11
got 14 from client 11
got 14 from client 11
got 14 from client 11
got 14 from client 11
got 14 from client 11
got 14 from client 11
got 14 from client 11
got 6 from client 11
got 0 from client 11
cmdq 0x7ff271c0f0b0: new-session (client 11)
new term: xterm-256color
xterm-256color override: colors 256
xterm-256color override: XT 
xterm-256color override: Ms ]52;%p1%s;%p2%s
xterm-256color override: Cc ]12;%p1%s
xterm-256color override: Cr ]112
xterm-256color override: Cs [%p1%d q
xterm-256color override: Csr [2 q
new key Oo: 0x1021 (KP/)
new key Oj: 0x1022 (KP*)
new key Om: 0x1023 (KP-)
new key Ow: 0x1024 (KP7)
new key Ox: 0x1025 (KP8)
new key Oy: 0x1026 (KP9)
new key Ok: 0x1027 (KP+)
new key Ot: 0x1028 (KP4)
new key Ou: 0x1029 (KP5)
new key Ov: 0x102a (KP6)
new key Oq: 0x102b (KP1)
new key Or: 0x102c (KP2)
new key Os: 0x102d (KP3)
new key OM: 0x102e (KPEnter)
new key Op: 0x102f (KP0)
new key On: 0x1030 (KP.)
new key OA: 0x101d (Up)
new key OB: 0x101e (Down)
new key OC: 0x1020 (Right)
new key OD: 0x101f (Left)
new key [A: 0x101d (Up)
new key [B: 0x101e (Down)
new key [C: 0x1020 (Right)
new key [D: 0x101f (Left)
new key OH: 0x1018 (Home)
new key OF: 0x1019 (End)
new key [H: 0x1018 (Home)
new key [F: 0x1019 (End)
new key Oa: 0x501d (C-Up)
new key Ob: 0x501e (C-Down)
new key Oc: 0x5020 (C-Right)
new key Od: 0x501f (C-Left)
new key [a: 0x901d (S-Up)
new key [b: 0x901e (S-Down)
new key [c: 0x9020 (S-Right)
new key [d: 0x901f (S-Left)
new key [11^: 0x5002 (C-F1)
new key [12^: 0x5003 (C-F2)
new key [13^: 0x5004 (C-F3)
new key [14^: 0x5005 (C-F4)
new key [15^: 0x5006 (C-F5)
new key [17^: 0x5007 (C-F6)
new key [18^: 0x5008 (C-F7)
new key [19^: 0x5009 (C-F8)
new key [20^: 0x500a (C-F9)
new key [21^: 0x500b (C-F10)
new key [23^: 0x500c (C-F11)
new key [24^: 0x500d (C-F12)
new key [25^: 0x500e (C-F13)
new key [26^: 0x500f (C-F14)
new key [28^: 0x5010 (C-F15)
new key [29^: 0x5011 (C-F16)
new key [31^: 0x5012 (C-F17)
new key [32^: 0x5013 (C-F18)
new key [33^: 0x5014 (C-F19)
new key [34^: 0x5015 (C-F20)
new key [2^: 0x5016 (C-IC)
new key [3^: 0x5017 (C-DC)
new key [7^: 0x5018 (C-Home)
new key [8^: 0x5019 (C-End)
new key [6^: 0x501a (C-NPage)
new key [5^: 0x501b (C-PPage)
new key [11$: 0x9002 (S-F1)
new key [12$: 0x9003 (S-F2)
new key [13$: 0x9004 (S-F3)
new key [14$: 0x9005 (S-F4)
new key [15$: 0x9006 (S-F5)
new key [17$: 0x9007 (S-F6)
new key [18$: 0x9008 (S-F7)
new key [19$: 0x9009 (S-F8)
new key [20$: 0x900a (S-F9)
new key [21$: 0x900b (S-F10)
new key [23$: 0x900c (S-F11)
new key [24$: 0x900d (S-F12)
new key [25$: 0x900e (S-F13)
new key [26$: 0x900f (S-F14)
new key [28$: 0x9010 (S-F15)
new key [29$: 0x9011 (S-F16)
new key [31$: 0x9012 (S-F17)
new key [32$: 0x9013 (S-F18)
new key [33$: 0x9014 (S-F19)
new key [34$: 0x9015 (S-F20)
new key [2$: 0x9016 (S-IC)
new key [3$: 0x9017 (S-DC)
new key [7$: 0x9018 (S-Home)
new key [8$: 0x9019 (S-End)
new key [6$: 0x901a (S-NPage)
new key [5$: 0x901b (S-PPage)
new key [11@: 0xd002 (C-S-F1)
new key [12@: 0xd003 (C-S-F2)
new key [13@: 0xd004 (C-S-F3)
new key [14@: 0xd005 (C-S-F4)
new key [15@: 0xd006 (C-S-F5)
new key [17@: 0xd007 (C-S-F6)
new key [18@: 0xd008 (C-S-F7)
new key [19@: 0xd009 (C-S-F8)
new key [20@: 0xd00a (C-S-F9)
new key [21@: 0xd00b (C-S-F10)
new key [23@: 0xd00c (C-S-F11)
new key [24@: 0xd00d (C-S-F12)
new key [25@: 0xd00e (C-S-F13)
new key [26@: 0xd00f (C-S-F14)
new key [28@: 0xd010 (C-S-F15)
new key [29@: 0xd011 (C-S-F16)
new key [31@: 0xd012 (C-S-F17)
new key [32@: 0xd013 (C-S-F18)
new key [33@: 0xd014 (C-S-F19)
new key [34@: 0xd015 (C-S-F20)
new key [2@: 0xd016 (C-S-IC)
new key [3@: 0xd017 (C-S-DC)
new key [7@: 0xd018 (C-S-Home)
new key [8@: 0xd019 (C-S-End)
new key [6@: 0xd01a (C-S-NPage)
new key [5@: 0xd01b (C-S-PPage)
new key [I: 0x1031 ((null))
new key [O: 0x1032 ((null))
new key OP: 0x1002 (F1)
new key OQ: 0x1003 (F2)
new key OR: 0x1004 (F3)
new key OS: 0x1005 (F4)
new key [15~: 0x1006 (F5)
new key [17~: 0x1007 (F6)
new key [18~: 0x1008 (F7)
new key [19~: 0x1009 (F8)
new key [20~: 0x100a (F9)
new key [21~: 0x100b (F10)
new key [23~: 0x100c (F11)
new key [24~: 0x100d (F12)
new key [1;2P: 0x100e (F13)
new key [1;2Q: 0x100f (F14)
new key [1;2R: 0x1010 (F15)
new key [1;2S: 0x1011 (F16)
new key [15;2~: 0x1012 (F17)
new key [17;2~: 0x1013 (F18)
new key [18;2~: 0x1014 (F19)
new key [19;2~: 0x1015 (F20)
new key [2~: 0x1016 (IC)
new key [3~: 0x1017 (DC)
replacing key OH: 0x1018 (Home)
replacing key OF: 0x1019 (End)
new key [6~: 0x101a (NPage)
new key [5~: 0x101b (PPage)
new key [Z: 0x101c (BTab)
replacing key OA: 0x101d (Up)
replacing key OB: 0x101e (Down)
replacing key OD: 0x101f (Left)
replacing key OC: 0x1020 (Right)
new key [3;2~: 0x9017 (S-DC)
new key [3;3~: 0x3017 (M-DC)
new key [3;4~: 0xb017 (M-S-DC)
new key [3;5~: 0x5017 (C-DC)
new key [3;6~: 0xd017 (C-S-DC)
new key [3;7~: 0x7017 (C-M-DC)
new key [1;2B: 0x901e (S-Down)
new key [1;3B: 0x301e (M-Down)
new key [1;4B: 0xb01e (M-S-Down)
new key [1;5B: 0x501e (C-Down)
new key [1;6B: 0xd01e (C-S-Down)
new key [1;7B: 0x701e (C-M-Down)
new key [1;2F: 0x9019 (S-End)
new key [1;3F: 0x3019 (M-End)
new key [1;4F: 0xb019 (M-S-End)
new key [1;5F: 0x5019 (C-End)
new key [1;6F: 0xd019 (C-S-End)
new key [1;7F: 0x7019 (C-M-End)
new key [1;2H: 0x9018 (S-Home)
new key [1;3H: 0x3018 (M-Home)
new key [1;4H: 0xb018 (M-S-Home)
new key [1;5H: 0x5018 (C-Home)
new key [1;6H: 0xd018 (C-S-Home)
new key [1;7H: 0x7018 (C-M-Home)
new key [2;2~: 0x9016 (S-IC)
new key [2;3~: 0x3016 (M-IC)
new key [2;4~: 0xb016 (M-S-IC)
new key [2;5~: 0x5016 (C-IC)
new key [2;6~: 0xd016 (C-S-IC)
new key [2;7~: 0x7016 (C-M-IC)
new key [1;2D: 0x901f (S-Left)
new key [1;3D: 0x301f (M-Left)
new key [1;4D: 0xb01f (M-S-Left)
new key [1;5D: 0x501f (C-Left)
new key [1;6D: 0xd01f (C-S-Left)
new key [1;7D: 0x701f (C-M-Left)
new key [6;2~: 0x901a (S-NPage)
new key [6;3~: 0x301a (M-NPage)
new key [6;4~: 0xb01a (M-S-NPage)
new key [6;5~: 0x501a (C-NPage)
new key [6;6~: 0xd01a (C-S-NPage)
new key [6;7~: 0x701a (C-M-NPage)
new key [5;2~: 0x901b (S-PPage)
new key [5;3~: 0x301b (M-PPage)
new key [5;4~: 0xb01b (M-S-PPage)
new key [5;5~: 0x501b (C-PPage)
new key [5;6~: 0xd01b (C-S-PPage)
new key [5;7~: 0x701b (C-M-PPage)
new key [1;2C: 0x9020 (S-Right)
new key [1;3C: 0x3020 (M-Right)
new key [1;4C: 0xb020 (M-S-Right)
new key [1;5C: 0x5020 (C-Right)
new key [1;6C: 0xd020 (C-S-Right)
new key [1;7C: 0x7020 (C-M-Right)
new key [1;2A: 0x901d (S-Up)
new key [1;3A: 0x301d (M-Up)
new key [1;4A: 0xb01d (M-S-Up)
new key [1;5A: 0x501d (C-Up)
new key [1;6A: 0xd01d (C-S-Up)
new key [1;7A: 0x701d (C-M-Up)
spawn: /bin/zsh -- reattach-to-user-namespace -l zsh
session 0 created
writing 8 to client 11
run job 0x7ff271e005c0: curl icanhazip.com, pid 72239
run job 0x7ff271e00970: ifconfig en0 | grep 'inet ' | awk '{print "en0 " $2}', pid 72240
run job 0x7ff271c14040: ifconfig en1 | grep 'inet ' | awk '{print "en1 " $2}', pid 72241
run job 0x7ff271c141e0: ifconfig tun0 | grep 'inet ' | awk '{print "vpn " $2}', pid 72242
run job 0x7ff271d000d0: date -u | awk '{print $4}', pid 72244
keys are 7 ([?1;2c)
received service class 1
complete key [?1;2c 0xfff
got 9 from client 11
job error 0x7ff271e00970: ifconfig en0 | grep 'inet ' | awk '{print "en0 " $2}', pid 72240
job died 0x7ff271e00970: ifconfig en0 | grep 'inet ' | awk '{print "en0 " $2}', pid 72240
free job 0x7ff271e00970: ifconfig en0 | grep 'inet ' | awk '{print "en0 " $2}'
job error 0x7ff271c141e0: ifconfig tun0 | grep 'inet ' | awk '{print "vpn " $2}', pid 72242
job died 0x7ff271c141e0: ifconfig tun0 | grep 'inet ' | awk '{print "vpn " $2}', pid 72242
free job 0x7ff271c141e0: ifconfig tun0 | grep 'inet ' | awk '{print "vpn " $2}'
job error 0x7ff271c14040: ifconfig en1 | grep 'inet ' | awk '{print "en1 " $2}', pid 72241
job died 0x7ff271c14040: ifconfig en1 | grep 'inet ' | awk '{print "en1 " $2}', pid 72241
free job 0x7ff271c14040: ifconfig en1 | grep 'inet ' | awk '{print "en1 " $2}'
job error 0x7ff271d000d0: date -u | awk '{print $4}', pid 72244
job died 0x7ff271d000d0: date -u | awk '{print $4}', pid 72244
free job 0x7ff271d000d0: date -u | awk '{print $4}'
input_parse: 'z' ground
input_parse: 's' ground
input_parse: 'h' ground
input_parse: ':' ground
input_parse: '1' ground
input_parse: ':' ground
input_parse: ' ' ground
input_parse: 'c' ground
input_parse: 'o' ground
input_parse: 'm' ground
input_parse: 'm' ground
input_parse: 'a' ground
input_parse: 'n' ground
input_parse: 'd' ground
input_parse: ' ' ground
input_parse: 'n' ground
input_parse: 'o' ground
input_parse: 't' ground
input_parse: ' ' ground
input_parse: 'f' ground
input_parse: 'o' ground
input_parse: 'u' ground
input_parse: 'n' ground
input_parse: 'd' ground
input_parse: ':' ground
input_parse: ' ' ground
input_parse: 'r' ground
input_parse: 'e' ground
input_parse: 'a' ground
input_parse: 't' ground
input_parse: 't' ground
input_parse: 'a' ground
input_parse: 'c' ground
input_parse: 'h' ground
input_parse: '-' ground
input_parse: 't' ground
input_parse: 'o' ground
input_parse: '-' ground
input_parse: 'u' ground
input_parse: 's' ground
input_parse: 'e' ground
input_parse: 'r' ground
input_parse: '-' ground
input_parse: 'n' ground
input_parse: 'a' ground
input_parse: 'm' ground
input_parse: 'e' ground
input_parse: 's' ground
input_parse: 'p' ground
input_parse: 'a' ground
input_parse: 'c' ground
input_parse: 'e' ground
input_parse: '' ground
input_c0_dispatch: '
input_parse: '
' ground
input_c0_dispatch: '

session 0 destroyed
writing 3 to client 11
got 5 from client 11
writing 4 to client 11
lost client 11
